**********************
Windows PowerShell transcript start
Start time: 20231210200815
Username: ****
RunAs User: ****
Configuration Name: 
Machine: test (Microsoft Windows NT 10.0.20348.0)
Host Application: C:\Windows\System32\WindowsPowerShell\v1.0\powershell.exe
Process ID: 14096
PSVersion: 5.1.20348.558
PSEdition: Desktop
PSCompatibleVersions: 1.0, 2.0, 3.0, 4.0, 5.0, 5.1.20348.558
BuildVersion: 10.0.20348.558
CLRVersion: 4.0.30319.42000
WSManStackVersion: 3.0
PSRemotingProtocolVersion: 2.3
SerializationVersion: 1.1.0.1
**********************
Transcript started, output file is .\Reports\LAB-CLS-12-10-2023T20.08.log

####################################################################
#     HPE Simplivity Cluster Pre-Upgrade Health Check Report         #
####################################################################

Report Creation Date: Sunday 10/12/2023 20:08
Customer Name:        Emre Baykal
Customer E-Mail:      emre.baykal@hpe.com
Company Name:         HPE

### VMWare Virtual Center  ###

vCenter Server Name:          *****.******.local
vCenter Server Version:       7.0.3
vCenter Server Build Number : 20845200

### SVT Cluster State ###

Datacenter Name:                *******
Cluster Name:                   ***-CLS
Hypervisor Type:                VSPHERE
Management System:              ****.****.local
SVT Cluster Members Count:      1
SVT Current Running Version:    Release 4.2.0.97
SVT Cluster Ver. Upgrade State: SUCCESS_COMMITTED
SVT Time Zone:                  America/New_York
VMWare CLs State:               HEALTHY
VMWare CLs Num Hosts:           1
VMWare Total VM:                29
VMWare PoweredOff VM:           10

### SVT Cluster Arbiter State ###

Required Arbiter:                  False

### SVT Cluster Storage State ###

HPE Simplivity Efficiency Ratio:   2.4 : 1
Pysical Space:                     9.92 TiB
Used Space:                        0.72 TiB
Free Space:                        9.20 TiB
Percentage Free Capacity:          92.73 %
Local Backup Capacity:             0.00 TiB

### SVT Datastore List ###

Datastore Name Size GB Cluster Name Single Replica Deleted Backup Policy Name
-------------- ------- ------------ -------------- ------- ------------------
TEMP-DS02      3,072   LAB-CLS               False   False Fixed Default Backup Policy
TEMP-DS01      1,024   LAB-CLS                True   False Default Backup Policy



### The Information Of Driven Virtual Machines ###

VM Name                                   Power State Overall Status Config Status CPU Count Memory (GB) Guest OS
-------                                   ----------- -------------- ------------- --------- ----------- --------
********                                  PoweredOff          green         green        16          36 sles15_64Guest
********                                   PoweredOff          green         green        16          36 rhel8_64Guest
********                                  PoweredOff          green         green        16          36 sles15_64Guest
vCLS-41c3b8ed-85f4-4b04-972e-865bf9b6fb0a   PoweredOn          green         green         1       0.125 other3xLinu...
OmniStackVC-***-***-***-**                    PoweredOn          green         green         6         108 ubuntu64Guest



### The Information Of VM Replicasets ###

VmName                                    State HAstatus
------                                    ----- --------
****                                      ALIVE DEGRADED
****                                      ALIVE DEGRADED
****                                      ALIVE DEGRADED
****                                      ALIVE DEGRADED



Message: SVT cluster (LAB-CLS) status is not consistent and should fix error states !!!

Error Message: Some Of virtual machines HA NOT COMPLIANT...

--- Host Requirements ---

#################################################################################################
#                  HPE Simplivity Hosts Pre-Upgrade Health Check Report
#################################################################################################

### SVT Host List ###

Name                            ConnectionState PowerState OverallStatus RebootRequired NumCpu CpuUsage % MemoryUsage %
----                            --------------- ---------- ------------- -------------- ------ ---------- -------------
****.****.local                      Connected  PoweredOn        yellow          False     44 13         38



### SVT Host: ****.****.local ###

SVT Host Name:               *****.******.local
SVT Host IP:                 **.**.**.***
SVT Host State:              ALIVE
SVT Host Model:              HPE SimpliVity 380 Series 4000
SVT Host Version:            Release 4.2.0.97
SVT Upgrade State:           SUCCESS
SVT Host ESXI Image Version: 7.0.3
SVT Host ESXI Build:         20842708
SVT Host CPU Total MHz:      92180
SVT Host CPU Usage :         13 %
SVT Host Memory GB:          768
SVT Host Memory Usage :      38 %

# SVT Host ***.****.local Hardware State:

Model Number:                HPE SimpliVity 380 Series 4000
Serial Number:               *******
Firmware Revision:
Hardware Status:             HEALTHY
Raid Card Product Name:      HPE Smart Array P816i-a SR Gen10
Raid Card Firmware Revision: 5.32-0
Raid Card Status:            HEALTHY
Raid Card Battery Status:    HEALTHY

# SVT Host ***.****.local Disk State:

SerialNumber Manufacturer ModelNumber   Health  RemainingLife CapacityTB Slot
------------ ------------ -----------   ------  ------------- ---------- ----
************ HPE          VK001920GWEZE HEALTHY            95        1.9    9
************ HPE          VK001920GWEZE HEALTHY            95        1.9   10
************ HPE          VK001920GWEZE HEALTHY            95        1.9   11
************ HPE          VK001920GWEZE HEALTHY            95        1.9   12
************ HPE          VK001920GWEZE HEALTHY            95        1.9   13
************ HPE          VK001920GWEZE HEALTHY            95        1.9   14
************ HPE          VK001920GWEZE HEALTHY            95        1.9   15
************ HPE          VK001920GWEZE HEALTHY            95        1.9   16
************ HPE          VK001920GWEZE HEALTHY            95        1.9   17


Message: The status of the SVT Host ( xxx.xxxxx.local ) is consistent and you can continue to upgrade ....
---------------
**********************
Windows PowerShell transcript end
End time: 20231210200819
**********************
